Vivado Simulator v2024.2.0
Copyright 1986-2022 Xilinx, Inc. All Rights Reserved.
Copyright 2022-2024 Advanced Micro Devices, Inc. All Rights Reserved.
Running: C:/Xilinx/Vivado/2024.2/bin/unwrapped/win64.o/xelab.exe --incr --debug typical --relax --mt 2 -L xil_defaultlib -L uvm -L unisims_ver -L unimacro_ver -L secureip --snapshot decoder_tb_behav xil_defaultlib.decoder_tb xil_defaultlib.glbl -log elaborate.log 
Using 2 slave threads.
Starting static elaboration
Pass Through NonSizing Optimizer
Completed static elaboration
Starting simulation data flow analysis
WARNING: [XSIM 43-4100] "C:/Users/Enoch/Git/RISC-V-RV32I-5-Stage-Pipelined-CPU/rv32i_cpu/rv32i_cpu.srcs/sim_1/new/decoder_tb.sv" Line 5. Module decoder_tb has a timescale but at least one module in design doesn't have timescale.
WARNING: [XSIM 43-4100] "C:/Users/Enoch/Git/RISC-V-RV32I-5-Stage-Pipelined-CPU/rv32i_cpu/rv32i_cpu.srcs/sources_1/new/decoder.sv" Line 5. Module decoder has a timescale but at least one module in design doesn't have timescale.
WARNING: [XSIM 43-4100] "C:/Users/Enoch/Git/RISC-V-RV32I-5-Stage-Pipelined-CPU/rv32i_cpu/rv32i_cpu.srcs/sim_1/new/decoder_tb.sv" Line 5. Module decoder_tb has a timescale but at least one module in design doesn't have timescale.
WARNING: [XSIM 43-4100] "C:/Users/Enoch/Git/RISC-V-RV32I-5-Stage-Pipelined-CPU/rv32i_cpu/rv32i_cpu.srcs/sources_1/new/decoder.sv" Line 5. Module decoder has a timescale but at least one module in design doesn't have timescale.
WARNING: [XSIM 43-4100] "C:/Users/Enoch/Git/RISC-V-RV32I-5-Stage-Pipelined-CPU/rv32i_cpu/rv32i_cpu.sim/sim_1/behav/xsim/glbl.v" Line 6. Module glbl has a timescale but at least one module in design doesn't have timescale.
WARNING: [XSIM 43-4100] "C:/Users/Enoch/Git/RISC-V-RV32I-5-Stage-Pipelined-CPU/rv32i_cpu/rv32i_cpu.sim/sim_1/behav/xsim/glbl.v" Line 6. Module glbl has a timescale but at least one module in design doesn't have timescale.
Completed simulation data flow analysis
Time Resolution for simulation is 1ps
Compiling package xil_defaultlib.types_pkg
Compiling module xil_defaultlib.decoder
Compiling module xil_defaultlib.decoder_tb
Compiling module xil_defaultlib.glbl
Built simulation snapshot decoder_tb_behav
